INFO main com.logistics.qrpproject.runner.TestRunner - TestRunner Main- Execution Begins
INFO main com.logistics.qrpproject.driver.BaseTest - BaseTest initDriverLocation - Entered , browserType=CHROME
INFO main com.logistics.qrpproject.driver.BaseTest - BaseTest initDriverLocation - END , browserType=CHROME
INFO main com.logistics.qrpproject.driver.BaseTest - BaseTest initWebDriver - Entered , browserType=CHROME
INFO main com.logistics.qrpproject.driver.DriverManager - DriverManager getchromeDriver - Entered
INFO main com.logistics.qrpproject.runner.TestRunner - TestRunner Main- Execution Ends
INFO main com.logistics.qrpproject.runner.TestRunner - TestRunner Main- Execution Begins
INFO main com.logistics.qrpproject.driver.BaseTest - BaseTest initDriverLocation - Entered , browserType=CHROME
INFO main com.logistics.qrpproject.driver.BaseTest - BaseTest initDriverLocation - END , browserType=CHROME
INFO main com.logistics.qrpproject.driver.BaseTest - BaseTest initWebDriver - Entered , browserType=CHROME
INFO main com.logistics.qrpproject.driver.DriverManager - DriverManager getchromeDriver - Entered
INFO main com.logistics.qrpproject.runner.TestRunner - TestRunner Main- Execution Ends
INFO main com.logistics.qrpproject.runner.TestRunner - TestRunner Main- Execution Begins
INFO main com.logistics.qrpproject.driver.BaseTest - BaseTest initDriverLocation - Entered , browserType=CHROME
INFO main com.logistics.qrpproject.driver.BaseTest - BaseTest initDriverLocation - END , browserType=CHROME
INFO main com.logistics.qrpproject.driver.BaseTest - BaseTest initWebDriver - Entered , browserType=CHROME
INFO main com.logistics.qrpproject.driver.DriverManager - DriverManager getchromeDriver - Entered
INFO main com.logistics.qrpproject.driver.DriverManager - DriverManager getchromeDriver - END
INFO main com.logistics.qrpproject.driver.BaseTest - BaseTest initThreadLocal - Entered , driver=ChromeDriver: chrome on XP (1643c1ecafa0a74acc6301c357c7a0eb)
INFO main com.logistics.qrpproject.driver.BaseTest - BaseTest initThreadLocal - END , QrpAppContext=com.logistics.qrpproject.threadlocal.QrpAppContext@6b44435b
INFO main com.logistics.qrpproject.driver.BaseTest - BaseTest initWebDriver - Entered , browserType=CHROME
INFO main com.logistics.qrpproject.genericcomponents.WebElementManager - ENTERED INTO GET ELEMENT AFTER WAIT - XPATH:/html/body/qr-root/section/qr-lets-go/div/div/p[1]
INFO main com.logistics.qrpproject.waitmanager.WaitManager - ENTERED INTO FLUENTWAIT INITIALIZATION - timeOutSeconds:220 -3
ERROR main com.logistics.qrpproject.driver.BaseTest - after test method execution - 
ERROR main com.logistics.qrpproject.driver.BaseTest - Total time taken for execution : 1553493273317
INFO main com.logistics.qrpproject.screenshots.ScreenshotManager - from teardown method landingPageTestcase
INFO main com.logistics.qrpproject.screenshots.ScreenshotManager - landingPageTestcasefailed **********
ERROR main com.logistics.qrpproject.screenshots.ScreenshotManager - landingPageTestcasefailed **********
INFO main com.logistics.qrpproject.screenshots.ScreenshotManager - Screenshot is captured in the folder
INFO main com.logistics.qrpproject.screenshots.ScreenshotManager - Checking for directoryF:\Selenium\screenshots
INFO main com.logistics.qrpproject.screenshots.ScreenshotManager - directory created succussfully
INFO main com.logistics.qrpproject.screenshots.ScreenshotManager - Directory available for writing screenshot
ERROR main com.logistics.qrpproject.screenshots.ScreenshotManager - Exception happened in Teardown method (@AfterMethod)  of base Test
org.openqa.selenium.NoSuchWindowException: no such window: target window already closed
from unknown error: web view not found
  (Session info: chrome=73.0.3683.86)
  (Driver info: chromedriver=2.46.628402 (536cd7adbad73a3783fdc2cab92ab2ba7ec361e1),platform=Windows NT 6.1.7601 SP1 x86_64) (WARNING: The server did not provide any stacktrace information)
Command duration or timeout: 0 milliseconds
Build info: version: '3.14.0', revision: 'aacccce0', time: '2018-08-02T20:19:58.91Z'
System info: host: 'USER-PC', ip: '192.168.43.66', os.name: 'Windows 7', os.arch: 'amd64', os.version: '6.1', java.version: '1.8.0_25'
Driver info: org.openqa.selenium.chrome.ChromeDriver
Capabilities {acceptInsecureCerts: false, acceptSslCerts: false, applicationCacheEnabled: false, browserConnectionEnabled: false, browserName: chrome, chrome: {chromedriverVersion: 2.46.628402 (536cd7adbad73a..., userDataDir: C:\Users\user\AppData\Local...}, cssSelectorsEnabled: true, databaseEnabled: false, goog:chromeOptions: {debuggerAddress: localhost:49478}, handlesAlerts: true, hasTouchScreen: false, javascriptEnabled: true, locationContextEnabled: true, mobileEmulationEnabled: false, nativeEvents: true, networkConnectionEnabled: false, pageLoadStrategy: normal, platform: XP, platformName: XP, proxy: Proxy(), rotatable: false, setWindowRect: true, strictFileInteractability: false, takesHeapSnapshot: true, takesScreenshot: true, timeouts: {implicit: 0, pageLoad: 300000, script: 30000}, unexpectedAlertBehaviour: ignore, unhandledPromptBehavior: ignore, version: 73.0.3683.86, webStorageEnabled: true}
Session ID: 1643c1ecafa0a74acc6301c357c7a0eb
	at sun.reflect.NativeConstructorAccessorImpl.newInstance0(Native Method)
	at sun.reflect.NativeConstructorAccessorImpl.newInstance(NativeConstructorAccessorImpl.java:62)
	at sun.reflect.DelegatingConstructorAccessorImpl.newInstance(DelegatingConstructorAccessorImpl.java:45)
	at java.lang.reflect.Constructor.newInstance(Constructor.java:408)
	at org.openqa.selenium.remote.ErrorHandler.createThrowable(ErrorHandler.java:214)
	at org.openqa.selenium.remote.ErrorHandler.throwIfResponseFailed(ErrorHandler.java:166)
	at org.openqa.selenium.remote.http.JsonHttpResponseCodec.reconstructValue(JsonHttpResponseCodec.java:40)
	at org.openqa.selenium.remote.http.AbstractHttpResponseCodec.decode(AbstractHttpResponseCodec.java:80)
	at org.openqa.selenium.remote.http.AbstractHttpResponseCodec.decode(AbstractHttpResponseCodec.java:44)
	at org.openqa.selenium.remote.HttpCommandExecutor.execute(HttpCommandExecutor.java:158)
	at org.openqa.selenium.remote.service.DriverCommandExecutor.execute(DriverCommandExecutor.java:83)
	at org.openqa.selenium.remote.RemoteWebDriver.execute(RemoteWebDriver.java:548)
	at org.openqa.selenium.remote.RemoteWebDriver.execute(RemoteWebDriver.java:605)
	at org.openqa.selenium.remote.RemoteWebDriver.getScreenshotAs(RemoteWebDriver.java:294)
	at com.logistics.qrpproject.screenshots.ScreenshotManager.captureScreenShot(ScreenshotManager.java:57)
	at com.logistics.qrpproject.screenshots.ScreenshotManager.triggerScreenshot(ScreenshotManager.java:29)
	at com.logistics.qrpproject.driver.BaseTest.afterTestCaseMethod(BaseTest.java:126)
	at sun.reflect.NativeMethodAccessorImpl.invoke0(Native Method)
	at sun.reflect.NativeMethodAccessorImpl.invoke(NativeMethodAccessorImpl.java:62)
	at sun.reflect.DelegatingMethodAccessorImpl.invoke(DelegatingMethodAccessorImpl.java:43)
	at java.lang.reflect.Method.invoke(Method.java:483)
	at org.testng.internal.MethodInvocationHelper.invokeMethod(MethodInvocationHelper.java:124)
	at org.testng.internal.MethodInvocationHelper.invokeMethodConsideringTimeout(MethodInvocationHelper.java:59)
	at org.testng.internal.Invoker.invokeConfigurationMethod(Invoker.java:458)
	at org.testng.internal.Invoker.invokeConfigurations(Invoker.java:222)
	at org.testng.internal.Invoker.invokeMethod(Invoker.java:646)
	at org.testng.internal.Invoker.invokeTestMethod(Invoker.java:719)
	at org.testng.internal.Invoker.invokeTestMethods(Invoker.java:989)
	at org.testng.internal.TestMethodWorker.invokeTestMethods(TestMethodWorker.java:125)
	at org.testng.internal.TestMethodWorker.run(TestMethodWorker.java:109)
	at org.testng.TestRunner.privateRun(TestRunner.java:648)
	at org.testng.TestRunner.run(TestRunner.java:505)
	at org.testng.SuiteRunner.runTest(SuiteRunner.java:455)
	at org.testng.SuiteRunner.runSequentially(SuiteRunner.java:450)
	at org.testng.SuiteRunner.privateRun(SuiteRunner.java:415)
	at org.testng.SuiteRunner.run(SuiteRunner.java:364)
	at org.testng.SuiteRunnerWorker.runSuite(SuiteRunnerWorker.java:52)
	at org.testng.SuiteRunnerWorker.run(SuiteRunnerWorker.java:84)
	at org.testng.TestNG.runSuitesSequentially(TestNG.java:1208)
	at org.testng.TestNG.runSuitesLocally(TestNG.java:1137)
	at org.testng.TestNG.runSuites(TestNG.java:1049)
	at org.testng.TestNG.run(TestNG.java:1017)
	at com.logistics.qrpproject.runner.TestRunner.main(TestRunner.java:24)
INFO main com.logistics.qrpproject.runner.TestRunner - TestRunner Main- Execution Ends
INFO main com.logistics.qrpproject.runner.TestRunner - TestRunner Main- Execution Begins
INFO main com.logistics.qrpproject.driver.BaseTest - BaseTest initDriverLocation - Entered , browserType=CHROME
INFO main com.logistics.qrpproject.driver.BaseTest - BaseTest initDriverLocation - END , browserType=CHROME
INFO main com.logistics.qrpproject.driver.BaseTest - BaseTest initWebDriver - Entered , browserType=CHROME
INFO main com.logistics.qrpproject.driver.DriverManager - DriverManager getchromeDriver - Entered
INFO main com.logistics.qrpproject.driver.DriverManager - DriverManager getchromeDriver - END
INFO main com.logistics.qrpproject.driver.BaseTest - BaseTest initThreadLocal - Entered , driver=ChromeDriver: chrome on XP (47aa350a66602ace9233c0b41ceb3a4b)
INFO main com.logistics.qrpproject.driver.BaseTest - BaseTest initThreadLocal - END , QrpAppContext=com.logistics.qrpproject.threadlocal.QrpAppContext@2ccca26f
INFO main com.logistics.qrpproject.driver.BaseTest - BaseTest initWebDriver - Entered , browserType=CHROME
INFO main com.logistics.qrpproject.genericcomponents.WebElementManager - ENTERED INTO GET ELEMENT AFTER WAIT - XPATH:/html/body/qr-root/section/qr-lets-go/div/div/p[1]
INFO main com.logistics.qrpproject.waitmanager.WaitManager - ENTERED INTO FLUENTWAIT INITIALIZATION - timeOutSeconds:220 -3
ERROR main com.logistics.qrpproject.driver.BaseTest - after test method execution - 
ERROR main com.logistics.qrpproject.driver.BaseTest - Total time taken for execution : 1553493354374
INFO main com.logistics.qrpproject.screenshots.ScreenshotManager - from teardown method landingPageTestcase
INFO main com.logistics.qrpproject.screenshots.ScreenshotManager - landingPageTestcasefailed **********
ERROR main com.logistics.qrpproject.screenshots.ScreenshotManager - landingPageTestcasefailed **********
INFO main com.logistics.qrpproject.screenshots.ScreenshotManager - Screenshot is captured in the folder
INFO main com.logistics.qrpproject.screenshots.ScreenshotManager - Checking for directoryF:\Selenium\screenshots
INFO main com.logistics.qrpproject.screenshots.ScreenshotManager - directory created succussfully
INFO main com.logistics.qrpproject.screenshots.ScreenshotManager - Directory available for writing screenshot
ERROR main com.logistics.qrpproject.screenshots.ScreenshotManager - Exception happened in Teardown method (@AfterMethod)  of base Test
org.openqa.selenium.NoSuchWindowException: no such window: target window already closed
from unknown error: web view not found
  (Session info: chrome=73.0.3683.86)
  (Driver info: chromedriver=73.0.3683.68 (47787ec04b6e38e22703e856e101e840b65afe72),platform=Windows NT 6.1.7601 SP1 x86_64) (WARNING: The server did not provide any stacktrace information)
Command duration or timeout: 0 milliseconds
Build info: version: '3.14.0', revision: 'aacccce0', time: '2018-08-02T20:19:58.91Z'
System info: host: 'USER-PC', ip: '192.168.43.66', os.name: 'Windows 7', os.arch: 'amd64', os.version: '6.1', java.version: '1.8.0_25'
Driver info: org.openqa.selenium.chrome.ChromeDriver
Capabilities {acceptInsecureCerts: false, acceptSslCerts: false, applicationCacheEnabled: false, browserConnectionEnabled: false, browserName: chrome, chrome: {chromedriverVersion: 73.0.3683.68 (47787ec04b6e3..., userDataDir: C:\Users\user\AppData\Local...}, cssSelectorsEnabled: true, databaseEnabled: false, goog:chromeOptions: {debuggerAddress: localhost:49499}, handlesAlerts: true, hasTouchScreen: false, javascriptEnabled: true, locationContextEnabled: true, mobileEmulationEnabled: false, nativeEvents: true, networkConnectionEnabled: false, pageLoadStrategy: normal, platform: XP, platformName: XP, proxy: Proxy(), rotatable: false, setWindowRect: true, strictFileInteractability: false, takesHeapSnapshot: true, takesScreenshot: true, timeouts: {implicit: 0, pageLoad: 300000, script: 30000}, unexpectedAlertBehaviour: ignore, unhandledPromptBehavior: ignore, version: 73.0.3683.86, webStorageEnabled: true}
Session ID: 47aa350a66602ace9233c0b41ceb3a4b
	at sun.reflect.GeneratedConstructorAccessor14.newInstance(Unknown Source)
	at sun.reflect.DelegatingConstructorAccessorImpl.newInstance(DelegatingConstructorAccessorImpl.java:45)
	at java.lang.reflect.Constructor.newInstance(Constructor.java:408)
	at org.openqa.selenium.remote.ErrorHandler.createThrowable(ErrorHandler.java:214)
	at org.openqa.selenium.remote.ErrorHandler.throwIfResponseFailed(ErrorHandler.java:166)
	at org.openqa.selenium.remote.http.JsonHttpResponseCodec.reconstructValue(JsonHttpResponseCodec.java:40)
	at org.openqa.selenium.remote.http.AbstractHttpResponseCodec.decode(AbstractHttpResponseCodec.java:80)
	at org.openqa.selenium.remote.http.AbstractHttpResponseCodec.decode(AbstractHttpResponseCodec.java:44)
	at org.openqa.selenium.remote.HttpCommandExecutor.execute(HttpCommandExecutor.java:158)
	at org.openqa.selenium.remote.service.DriverCommandExecutor.execute(DriverCommandExecutor.java:83)
	at org.openqa.selenium.remote.RemoteWebDriver.execute(RemoteWebDriver.java:548)
	at org.openqa.selenium.remote.RemoteWebDriver.execute(RemoteWebDriver.java:605)
	at org.openqa.selenium.remote.RemoteWebDriver.getScreenshotAs(RemoteWebDriver.java:294)
	at com.logistics.qrpproject.screenshots.ScreenshotManager.captureScreenShot(ScreenshotManager.java:57)
	at com.logistics.qrpproject.screenshots.ScreenshotManager.triggerScreenshot(ScreenshotManager.java:29)
	at com.logistics.qrpproject.driver.BaseTest.afterTestCaseMethod(BaseTest.java:126)
	at sun.reflect.NativeMethodAccessorImpl.invoke0(Native Method)
	at sun.reflect.NativeMethodAccessorImpl.invoke(NativeMethodAccessorImpl.java:62)
	at sun.reflect.DelegatingMethodAccessorImpl.invoke(DelegatingMethodAccessorImpl.java:43)
	at java.lang.reflect.Method.invoke(Method.java:483)
	at org.testng.internal.MethodInvocationHelper.invokeMethod(MethodInvocationHelper.java:124)
	at org.testng.internal.MethodInvocationHelper.invokeMethodConsideringTimeout(MethodInvocationHelper.java:59)
	at org.testng.internal.Invoker.invokeConfigurationMethod(Invoker.java:458)
	at org.testng.internal.Invoker.invokeConfigurations(Invoker.java:222)
	at org.testng.internal.Invoker.invokeMethod(Invoker.java:646)
	at org.testng.internal.Invoker.invokeTestMethod(Invoker.java:719)
	at org.testng.internal.Invoker.invokeTestMethods(Invoker.java:989)
	at org.testng.internal.TestMethodWorker.invokeTestMethods(TestMethodWorker.java:125)
	at org.testng.internal.TestMethodWorker.run(TestMethodWorker.java:109)
	at org.testng.TestRunner.privateRun(TestRunner.java:648)
	at org.testng.TestRunner.run(TestRunner.java:505)
	at org.testng.SuiteRunner.runTest(SuiteRunner.java:455)
	at org.testng.SuiteRunner.runSequentially(SuiteRunner.java:450)
	at org.testng.SuiteRunner.privateRun(SuiteRunner.java:415)
	at org.testng.SuiteRunner.run(SuiteRunner.java:364)
	at org.testng.SuiteRunnerWorker.runSuite(SuiteRunnerWorker.java:52)
	at org.testng.SuiteRunnerWorker.run(SuiteRunnerWorker.java:84)
	at org.testng.TestNG.runSuitesSequentially(TestNG.java:1208)
	at org.testng.TestNG.runSuitesLocally(TestNG.java:1137)
	at org.testng.TestNG.runSuites(TestNG.java:1049)
	at org.testng.TestNG.run(TestNG.java:1017)
	at com.logistics.qrpproject.runner.TestRunner.main(TestRunner.java:24)
INFO main com.logistics.qrpproject.runner.TestRunner - TestRunner Main- Execution Ends
INFO main com.logistics.qrpproject.runner.TestRunner - TestRunner Main- Execution Begins
INFO main com.logistics.qrpproject.driver.BaseTest - BaseTest initDriverLocation - Entered , browserType=CHROME
INFO main com.logistics.qrpproject.driver.BaseTest - BaseTest initDriverLocation - END , browserType=CHROME
INFO main com.logistics.qrpproject.driver.BaseTest - BaseTest initWebDriver - Entered , browserType=CHROME
INFO main com.logistics.qrpproject.driver.DriverManager - DriverManager getchromeDriver - Entered
INFO main com.logistics.qrpproject.runner.TestRunner - TestRunner Main- Execution Ends
INFO main com.logistics.qrpproject.runner.TestRunner - TestRunner Main- Execution Begins
INFO main com.logistics.qrpproject.driver.BaseTest - BaseTest initDriverLocation - Entered , browserType=CHROME
INFO main com.logistics.qrpproject.driver.BaseTest - BaseTest initDriverLocation - END , browserType=CHROME
INFO main com.logistics.qrpproject.driver.BaseTest - BaseTest initWebDriver - Entered , browserType=CHROME
INFO main com.logistics.qrpproject.driver.DriverManager - DriverManager getchromeDriver - Entered
INFO main com.logistics.qrpproject.runner.TestRunner - TestRunner Main- Execution Ends
INFO main com.logistics.qrpproject.runner.TestRunner - TestRunner Main- Execution Begins
INFO main com.logistics.qrpproject.driver.BaseTest - BaseTest initDriverLocation - Entered , browserType=CHROME
INFO main com.logistics.qrpproject.runner.TestRunner - TestRunner Main- Execution Begins
INFO main com.logistics.qrpproject.driver.BaseTest - BaseTest initDriverLocation - Entered , browserType=CHROME
INFO main com.logistics.qrpproject.driver.BaseTest - BaseTest initDriverLocation - END , browserType=CHROME
INFO main com.logistics.qrpproject.driver.BaseTest - BaseTest initWebDriver - Entered , browserType=CHROME
INFO main com.logistics.qrpproject.driver.DriverManager - DriverManager getchromeDriver - Entered
INFO main com.logistics.qrpproject.driver.DriverManager - DriverManager getchromeDriver - END
INFO main com.logistics.qrpproject.driver.BaseTest - BaseTest initThreadLocal - Entered , driver=ChromeDriver: chrome on XP (1cc64984e22450bc5d2057d9603c5d83)
INFO main com.logistics.qrpproject.driver.BaseTest - BaseTest initThreadLocal - END , QrpAppContext=com.logistics.qrpproject.threadlocal.QrpAppContext@398dada8
INFO main com.logistics.qrpproject.driver.BaseTest - BaseTest initWebDriver - Entered , browserType=CHROME
INFO main com.logistics.qrpproject.genericcomponents.WebElementManager - ENTERED INTO GET ELEMENT AFTER WAIT - XPATH:/html/body/qr-root/section/qr-lets-go/div/div/p[1]
INFO main com.logistics.qrpproject.waitmanager.WaitManager - ENTERED INTO FLUENTWAIT INITIALIZATION - timeOutSeconds:220 -3
ERROR main com.logistics.qrpproject.driver.BaseTest - after test method execution - 
ERROR main com.logistics.qrpproject.driver.BaseTest - Total time taken for execution : 1553493533258
INFO main com.logistics.qrpproject.screenshots.ScreenshotManager - from teardown method landingPageTestcase
INFO main com.logistics.qrpproject.screenshots.ScreenshotManager - landingPageTestcasefailed **********
ERROR main com.logistics.qrpproject.screenshots.ScreenshotManager - landingPageTestcasefailed **********
INFO main com.logistics.qrpproject.screenshots.ScreenshotManager - Screenshot is captured in the folder
INFO main com.logistics.qrpproject.screenshots.ScreenshotManager - Checking for directoryF:\Selenium\screenshots
INFO main com.logistics.qrpproject.screenshots.ScreenshotManager - directory created succussfully
INFO main com.logistics.qrpproject.screenshots.ScreenshotManager - Directory available for writing screenshot
ERROR main com.logistics.qrpproject.screenshots.ScreenshotManager - Exception happened in Teardown method (@AfterMethod)  of base Test
org.openqa.selenium.NoSuchWindowException: no such window: target window already closed
from unknown error: web view not found
  (Session info: chrome=73.0.3683.86)
  (Driver info: chromedriver=73.0.3683.68 (47787ec04b6e38e22703e856e101e840b65afe72),platform=Windows NT 6.1.7601 SP1 x86_64) (WARNING: The server did not provide any stacktrace information)
Command duration or timeout: 0 milliseconds
Build info: version: '3.14.0', revision: 'aacccce0', time: '2018-08-02T20:19:58.91Z'
System info: host: 'USER-PC', ip: '192.168.43.66', os.name: 'Windows 7', os.arch: 'amd64', os.version: '6.1', java.version: '1.8.0_25'
Driver info: org.openqa.selenium.chrome.ChromeDriver
Capabilities {acceptInsecureCerts: false, acceptSslCerts: false, applicationCacheEnabled: false, browserConnectionEnabled: false, browserName: chrome, chrome: {chromedriverVersion: 73.0.3683.68 (47787ec04b6e3..., userDataDir: C:\Users\user\AppData\Local...}, cssSelectorsEnabled: true, databaseEnabled: false, goog:chromeOptions: {debuggerAddress: localhost:49529}, handlesAlerts: true, hasTouchScreen: false, javascriptEnabled: true, locationContextEnabled: true, mobileEmulationEnabled: false, nativeEvents: true, networkConnectionEnabled: false, pageLoadStrategy: normal, platform: XP, platformName: XP, proxy: Proxy(), rotatable: false, setWindowRect: true, strictFileInteractability: false, takesHeapSnapshot: true, takesScreenshot: true, timeouts: {implicit: 0, pageLoad: 300000, script: 30000}, unexpectedAlertBehaviour: ignore, unhandledPromptBehavior: ignore, version: 73.0.3683.86, webStorageEnabled: true}
Session ID: 1cc64984e22450bc5d2057d9603c5d83
	at sun.reflect.GeneratedConstructorAccessor10.newInstance(Unknown Source)
	at sun.reflect.DelegatingConstructorAccessorImpl.newInstance(DelegatingConstructorAccessorImpl.java:45)
	at java.lang.reflect.Constructor.newInstance(Constructor.java:408)
	at org.openqa.selenium.remote.ErrorHandler.createThrowable(ErrorHandler.java:214)
	at org.openqa.selenium.remote.ErrorHandler.throwIfResponseFailed(ErrorHandler.java:166)
	at org.openqa.selenium.remote.http.JsonHttpResponseCodec.reconstructValue(JsonHttpResponseCodec.java:40)
	at org.openqa.selenium.remote.http.AbstractHttpResponseCodec.decode(AbstractHttpResponseCodec.java:80)
	at org.openqa.selenium.remote.http.AbstractHttpResponseCodec.decode(AbstractHttpResponseCodec.java:44)
	at org.openqa.selenium.remote.HttpCommandExecutor.execute(HttpCommandExecutor.java:158)
	at org.openqa.selenium.remote.service.DriverCommandExecutor.execute(DriverCommandExecutor.java:83)
	at org.openqa.selenium.remote.RemoteWebDriver.execute(RemoteWebDriver.java:548)
	at org.openqa.selenium.remote.RemoteWebDriver.execute(RemoteWebDriver.java:605)
	at org.openqa.selenium.remote.RemoteWebDriver.getScreenshotAs(RemoteWebDriver.java:294)
	at com.logistics.qrpproject.screenshots.ScreenshotManager.captureScreenShot(ScreenshotManager.java:57)
	at com.logistics.qrpproject.screenshots.ScreenshotManager.triggerScreenshot(ScreenshotManager.java:29)
	at com.logistics.qrpproject.driver.BaseTest.afterTestCaseMethod(BaseTest.java:126)
	at sun.reflect.NativeMethodAccessorImpl.invoke0(Native Method)
	at sun.reflect.NativeMethodAccessorImpl.invoke(NativeMethodAccessorImpl.java:62)
	at sun.reflect.DelegatingMethodAccessorImpl.invoke(DelegatingMethodAccessorImpl.java:43)
	at java.lang.reflect.Method.invoke(Method.java:483)
	at org.testng.internal.MethodInvocationHelper.invokeMethod(MethodInvocationHelper.java:124)
	at org.testng.internal.MethodInvocationHelper.invokeMethodConsideringTimeout(MethodInvocationHelper.java:59)
	at org.testng.internal.Invoker.invokeConfigurationMethod(Invoker.java:458)
	at org.testng.internal.Invoker.invokeConfigurations(Invoker.java:222)
	at org.testng.internal.Invoker.invokeMethod(Invoker.java:646)
	at org.testng.internal.Invoker.invokeTestMethod(Invoker.java:719)
	at org.testng.internal.Invoker.invokeTestMethods(Invoker.java:989)
	at org.testng.internal.TestMethodWorker.invokeTestMethods(TestMethodWorker.java:125)
	at org.testng.internal.TestMethodWorker.run(TestMethodWorker.java:109)
	at org.testng.TestRunner.privateRun(TestRunner.java:648)
	at org.testng.TestRunner.run(TestRunner.java:505)
	at org.testng.SuiteRunner.runTest(SuiteRunner.java:455)
	at org.testng.SuiteRunner.runSequentially(SuiteRunner.java:450)
	at org.testng.SuiteRunner.privateRun(SuiteRunner.java:415)
	at org.testng.SuiteRunner.run(SuiteRunner.java:364)
	at org.testng.SuiteRunnerWorker.runSuite(SuiteRunnerWorker.java:52)
	at org.testng.SuiteRunnerWorker.run(SuiteRunnerWorker.java:84)
	at org.testng.TestNG.runSuitesSequentially(TestNG.java:1208)
	at org.testng.TestNG.runSuitesLocally(TestNG.java:1137)
	at org.testng.TestNG.runSuites(TestNG.java:1049)
	at org.testng.TestNG.run(TestNG.java:1017)
	at com.logistics.qrpproject.runner.TestRunner.main(TestRunner.java:24)
INFO main com.logistics.qrpproject.runner.TestRunner - TestRunner Main- Execution Ends
INFO main com.logistics.qrpproject.runner.TestRunner - TestRunner Main- Execution Begins
INFO main com.logistics.qrpproject.driver.BaseTest - BaseTest initDriverLocation - Entered , browserType=CHROME
INFO main com.logistics.qrpproject.driver.BaseTest - BaseTest initDriverLocation - END , browserType=CHROME
INFO main com.logistics.qrpproject.driver.BaseTest - BaseTest initWebDriver - Entered , browserType=CHROME
INFO main com.logistics.qrpproject.driver.DriverManager - DriverManager getchromeDriver - Entered
INFO main com.logistics.qrpproject.runner.TestRunner - TestRunner Main- Execution Ends
INFO main com.logistics.qrpproject.runner.TestRunner - TestRunner Main- Execution Begins
INFO main com.logistics.qrpproject.driver.BaseTest - BaseTest initDriverLocation - Entered , browserType=CHROME
INFO main com.logistics.qrpproject.runner.TestRunner - TestRunner Main- Execution Begins
INFO main com.logistics.qrpproject.driver.BaseTest - BaseTest initDriverLocation - Entered , browserType=CHROME
INFO main com.logistics.qrpproject.driver.BaseTest - BaseTest initDriverLocation - END , browserType=CHROME
INFO main com.logistics.qrpproject.driver.BaseTest - BaseTest initWebDriver - Entered , browserType=CHROME
INFO main com.logistics.qrpproject.driver.DriverManager - DriverManager getchromeDriver - Entered
INFO main com.logistics.qrpproject.driver.DriverManager - DriverManager getchromeDriver - END
INFO main com.logistics.qrpproject.driver.BaseTest - BaseTest initThreadLocal - Entered , driver=ChromeDriver: chrome on XP (f92ec2ac816b99ef749b96a92f15897e)
INFO main com.logistics.qrpproject.driver.BaseTest - BaseTest initThreadLocal - END , QrpAppContext=com.logistics.qrpproject.threadlocal.QrpAppContext@398dada8
INFO main com.logistics.qrpproject.driver.BaseTest - BaseTest initWebDriver - Entered , browserType=CHROME
INFO main com.logistics.qrpproject.genericcomponents.WebElementManager - ENTERED INTO GET ELEMENT AFTER WAIT - XPATH:/html/body/qr-root/section/qr-lets-go/div/div/p[1]
INFO main com.logistics.qrpproject.waitmanager.WaitManager - ENTERED INTO FLUENTWAIT INITIALIZATION - timeOutSeconds:220 -3
ERROR main com.logistics.qrpproject.driver.BaseTest - after test method execution - 
ERROR main com.logistics.qrpproject.driver.BaseTest - Total time taken for execution : 1553493660045
INFO main com.logistics.qrpproject.screenshots.ScreenshotManager - from teardown method landingPageTestcase
INFO main com.logistics.qrpproject.screenshots.ScreenshotManager - landingPageTestcasefailed **********
ERROR main com.logistics.qrpproject.screenshots.ScreenshotManager - landingPageTestcasefailed **********
INFO main com.logistics.qrpproject.screenshots.ScreenshotManager - Screenshot is captured in the folder
INFO main com.logistics.qrpproject.screenshots.ScreenshotManager - Checking for directoryF:\Selenium\screenshots
INFO main com.logistics.qrpproject.screenshots.ScreenshotManager - directory created succussfully
INFO main com.logistics.qrpproject.screenshots.ScreenshotManager - Directory available for writing screenshot
INFO main com.logistics.qrpproject.runner.TestRunner - TestRunner Main- Execution Ends
INFO main com.logistics.qrpproject.runner.TestRunner - TestRunner Main- Execution Begins
INFO main com.logistics.qrpproject.driver.BaseTest - BaseTest initDriverLocation - Entered , browserType=CHROME
INFO main com.logistics.qrpproject.driver.BaseTest - BaseTest initDriverLocation - END , browserType=CHROME
INFO main com.logistics.qrpproject.driver.BaseTest - BaseTest initWebDriver - Entered , browserType=CHROME
INFO main com.logistics.qrpproject.driver.DriverManager - DriverManager getchromeDriver - Entered
INFO main com.logistics.qrpproject.driver.DriverManager - DriverManager getchromeDriver - END
INFO main com.logistics.qrpproject.driver.BaseTest - BaseTest initThreadLocal - Entered , driver=ChromeDriver: chrome on XP (72235f1fbdfb57a7c074127244f309d0)
INFO main com.logistics.qrpproject.driver.BaseTest - BaseTest initThreadLocal - END , QrpAppContext=com.logistics.qrpproject.threadlocal.QrpAppContext@13d73f29
INFO main com.logistics.qrpproject.driver.BaseTest - BaseTest initWebDriver - Entered , browserType=CHROME
INFO main com.logistics.qrpproject.genericcomponents.WebElementManager - ENTERED INTO GET ELEMENT AFTER WAIT - XPATH:/html/body/qr-root/section/qr-lets-go/div/div/p[1]
INFO main com.logistics.qrpproject.waitmanager.WaitManager - ENTERED INTO FLUENTWAIT INITIALIZATION - timeOutSeconds:220 -3
ERROR main com.logistics.qrpproject.driver.BaseTest - after test method execution - 
ERROR main com.logistics.qrpproject.driver.BaseTest - Total time taken for execution : 1553493866602
INFO main com.logistics.qrpproject.screenshots.ScreenshotManager - from teardown method landingPageTestcase
INFO main com.logistics.qrpproject.screenshots.ScreenshotManager - landingPageTestcasefailed **********
ERROR main com.logistics.qrpproject.screenshots.ScreenshotManager - landingPageTestcasefailed **********
INFO main com.logistics.qrpproject.screenshots.ScreenshotManager - Screenshot is captured in the folder
INFO main com.logistics.qrpproject.screenshots.ScreenshotManager - Checking for directoryF:\Selenium\screenshots
INFO main com.logistics.qrpproject.screenshots.ScreenshotManager - directory created succussfully
INFO main com.logistics.qrpproject.screenshots.ScreenshotManager - Directory available for writing screenshot
ERROR main com.logistics.qrpproject.screenshots.ScreenshotManager - Exception happened in Teardown method (@AfterMethod)  of base Test
org.openqa.selenium.NoSuchWindowException: no such window: target window already closed
from unknown error: web view not found
  (Session info: chrome=73.0.3683.86)
  (Driver info: chromedriver=73.0.3683.68 (47787ec04b6e38e22703e856e101e840b65afe72),platform=Windows NT 6.1.7601 SP1 x86_64) (WARNING: The server did not provide any stacktrace information)
Command duration or timeout: 0 milliseconds
Build info: version: '3.141.59', revision: 'e82be7d358', time: '2018-11-14T08:17:03'
System info: host: 'USER-PC', ip: '192.168.43.66', os.name: 'Windows 7', os.arch: 'amd64', os.version: '6.1', java.version: '1.8.0_25'
Driver info: org.openqa.selenium.chrome.ChromeDriver
Capabilities {acceptInsecureCerts: false, acceptSslCerts: false, applicationCacheEnabled: false, browserConnectionEnabled: false, browserName: chrome, chrome: {chromedriverVersion: 73.0.3683.68 (47787ec04b6e3..., userDataDir: C:\Users\user\AppData\Local...}, cssSelectorsEnabled: true, databaseEnabled: false, goog:chromeOptions: {debuggerAddress: localhost:49616}, handlesAlerts: true, hasTouchScreen: false, javascriptEnabled: true, locationContextEnabled: true, mobileEmulationEnabled: false, nativeEvents: true, networkConnectionEnabled: false, pageLoadStrategy: normal, platform: XP, platformName: XP, proxy: Proxy(), rotatable: false, setWindowRect: true, strictFileInteractability: false, takesHeapSnapshot: true, takesScreenshot: true, timeouts: {implicit: 0, pageLoad: 300000, script: 30000}, unexpectedAlertBehaviour: ignore, unhandledPromptBehavior: ignore, version: 73.0.3683.86, webStorageEnabled: true}
Session ID: 72235f1fbdfb57a7c074127244f309d0
	at sun.reflect.GeneratedConstructorAccessor10.newInstance(Unknown Source)
	at sun.reflect.DelegatingConstructorAccessorImpl.newInstance(DelegatingConstructorAccessorImpl.java:45)
	at java.lang.reflect.Constructor.newInstance(Constructor.java:408)
	at org.openqa.selenium.remote.ErrorHandler.createThrowable(ErrorHandler.java:214)
	at org.openqa.selenium.remote.ErrorHandler.throwIfResponseFailed(ErrorHandler.java:166)
	at org.openqa.selenium.remote.http.JsonHttpResponseCodec.reconstructValue(JsonHttpResponseCodec.java:40)
	at org.openqa.selenium.remote.http.AbstractHttpResponseCodec.decode(AbstractHttpResponseCodec.java:80)
	at org.openqa.selenium.remote.http.AbstractHttpResponseCodec.decode(AbstractHttpResponseCodec.java:44)
	at org.openqa.selenium.remote.HttpCommandExecutor.execute(HttpCommandExecutor.java:158)
	at org.openqa.selenium.remote.service.DriverCommandExecutor.execute(DriverCommandExecutor.java:83)
	at org.openqa.selenium.remote.RemoteWebDriver.execute(RemoteWebDriver.java:552)
	at org.openqa.selenium.remote.RemoteWebDriver.execute(RemoteWebDriver.java:609)
	at org.openqa.selenium.remote.RemoteWebDriver.getScreenshotAs(RemoteWebDriver.java:295)
	at com.logistics.qrpproject.screenshots.ScreenshotManager.captureScreenShot(ScreenshotManager.java:57)
	at com.logistics.qrpproject.screenshots.ScreenshotManager.triggerScreenshot(ScreenshotManager.java:29)
	at com.logistics.qrpproject.driver.BaseTest.afterTestCaseMethod(BaseTest.java:127)
	at sun.reflect.NativeMethodAccessorImpl.invoke0(Native Method)
	at sun.reflect.NativeMethodAccessorImpl.invoke(NativeMethodAccessorImpl.java:62)
	at sun.reflect.DelegatingMethodAccessorImpl.invoke(DelegatingMethodAccessorImpl.java:43)
	at java.lang.reflect.Method.invoke(Method.java:483)
	at org.testng.internal.MethodInvocationHelper.invokeMethod(MethodInvocationHelper.java:124)
	at org.testng.internal.MethodInvocationHelper.invokeMethodConsideringTimeout(MethodInvocationHelper.java:59)
	at org.testng.internal.Invoker.invokeConfigurationMethod(Invoker.java:458)
	at org.testng.internal.Invoker.invokeConfigurations(Invoker.java:222)
	at org.testng.internal.Invoker.invokeMethod(Invoker.java:646)
	at org.testng.internal.Invoker.invokeTestMethod(Invoker.java:719)
	at org.testng.internal.Invoker.invokeTestMethods(Invoker.java:989)
	at org.testng.internal.TestMethodWorker.invokeTestMethods(TestMethodWorker.java:125)
	at org.testng.internal.TestMethodWorker.run(TestMethodWorker.java:109)
	at org.testng.TestRunner.privateRun(TestRunner.java:648)
	at org.testng.TestRunner.run(TestRunner.java:505)
	at org.testng.SuiteRunner.runTest(SuiteRunner.java:455)
	at org.testng.SuiteRunner.runSequentially(SuiteRunner.java:450)
	at org.testng.SuiteRunner.privateRun(SuiteRunner.java:415)
	at org.testng.SuiteRunner.run(SuiteRunner.java:364)
	at org.testng.SuiteRunnerWorker.runSuite(SuiteRunnerWorker.java:52)
	at org.testng.SuiteRunnerWorker.run(SuiteRunnerWorker.java:84)
	at org.testng.TestNG.runSuitesSequentially(TestNG.java:1208)
	at org.testng.TestNG.runSuitesLocally(TestNG.java:1137)
	at org.testng.TestNG.runSuites(TestNG.java:1049)
	at org.testng.TestNG.run(TestNG.java:1017)
	at com.logistics.qrpproject.runner.TestRunner.main(TestRunner.java:24)
INFO main com.logistics.qrpproject.runner.TestRunner - TestRunner Main- Execution Ends
INFO main com.logistics.qrpproject.runner.TestRunner - TestRunner Main- Execution Begins
INFO main com.logistics.qrpproject.driver.BaseTest - BaseTest initDriverLocation - Entered , browserType=CHROME
INFO main com.logistics.qrpproject.driver.BaseTest - BaseTest initDriverLocation - END , browserType=CHROME
INFO main com.logistics.qrpproject.driver.BaseTest - BaseTest initWebDriver - Entered , browserType=CHROME
INFO main com.logistics.qrpproject.driver.DriverManager - DriverManager getchromeDriver - Entered
INFO main com.logistics.qrpproject.driver.DriverManager - DriverManager getchromeDriver - END
INFO main com.logistics.qrpproject.driver.BaseTest - BaseTest initThreadLocal - Entered , driver=ChromeDriver: chrome on XP (c00526e6891f075b2e57de2603082199)
INFO main com.logistics.qrpproject.driver.BaseTest - BaseTest initThreadLocal - END , QrpAppContext=com.logistics.qrpproject.threadlocal.QrpAppContext@13d73f29
INFO main com.logistics.qrpproject.driver.BaseTest - BaseTest initWebDriver - Entered , browserType=CHROME
INFO main com.logistics.qrpproject.genericcomponents.WebElementManager - ENTERED INTO GET ELEMENT AFTER WAIT - XPATH:/html/body/qr-root/section/qr-lets-go/div/div/p[1]
INFO main com.logistics.qrpproject.waitmanager.WaitManager - ENTERED INTO FLUENTWAIT INITIALIZATION - timeOutSeconds:220 -3
ERROR main com.logistics.qrpproject.driver.BaseTest - after test method execution - 
ERROR main com.logistics.qrpproject.driver.BaseTest - Total time taken for execution : 1553493932184
INFO main com.logistics.qrpproject.screenshots.ScreenshotManager - from teardown method landingPageTestcase
INFO main com.logistics.qrpproject.screenshots.ScreenshotManager - landingPageTestcasefailed **********
ERROR main com.logistics.qrpproject.screenshots.ScreenshotManager - landingPageTestcasefailed **********
INFO main com.logistics.qrpproject.screenshots.ScreenshotManager - Screenshot is captured in the folder
INFO main com.logistics.qrpproject.screenshots.ScreenshotManager - Checking for directoryF:\Selenium\screenshots
INFO main com.logistics.qrpproject.screenshots.ScreenshotManager - directory created succussfully
INFO main com.logistics.qrpproject.screenshots.ScreenshotManager - Directory available for writing screenshot
INFO main com.logistics.qrpproject.runner.TestRunner - TestRunner Main- Execution Ends
INFO main com.logistics.qrpproject.runner.TestRunner - TestRunner Main- Execution Begins
INFO main com.logistics.qrpproject.driver.BaseTest - BaseTest initDriverLocation - Entered , browserType=CHROME
INFO main com.logistics.qrpproject.driver.BaseTest - BaseTest initDriverLocation - END , browserType=CHROME
INFO main com.logistics.qrpproject.driver.BaseTest - BaseTest initWebDriver - Entered , browserType=CHROME
INFO main com.logistics.qrpproject.driver.DriverManager - DriverManager getchromeDriver - Entered
INFO main com.logistics.qrpproject.driver.DriverManager - DriverManager getchromeDriver - END
INFO main com.logistics.qrpproject.driver.BaseTest - BaseTest initThreadLocal - Entered , driver=ChromeDriver: chrome on XP (2d84fac4d9b88b40d0e3706c0c2fb15e)
INFO main com.logistics.qrpproject.driver.BaseTest - BaseTest initThreadLocal - END , QrpAppContext=com.logistics.qrpproject.threadlocal.QrpAppContext@13d73f29
INFO main com.logistics.qrpproject.driver.BaseTest - BaseTest initWebDriver - Entered , browserType=CHROME
INFO main com.logistics.qrpproject.genericcomponents.WebElementManager - ENTERED INTO GET ELEMENT AFTER WAIT - XPATH:/html/body/qr-root/section/qr-lets-go/div/div/p[1]
INFO main com.logistics.qrpproject.waitmanager.WaitManager - ENTERED INTO FLUENTWAIT INITIALIZATION - timeOutSeconds:220 -3
ERROR main com.logistics.qrpproject.driver.BaseTest - after test method execution - 
ERROR main com.logistics.qrpproject.driver.BaseTest - Total time taken for execution : 1553494362897
INFO main com.logistics.qrpproject.screenshots.ScreenshotManager - from teardown method landingPageTestcase
INFO main com.logistics.qrpproject.screenshots.ScreenshotManager - landingPageTestcasefailed **********
ERROR main com.logistics.qrpproject.screenshots.ScreenshotManager - landingPageTestcasefailed **********
INFO main com.logistics.qrpproject.screenshots.ScreenshotManager - Screenshot is captured in the folder
INFO main com.logistics.qrpproject.screenshots.ScreenshotManager - Checking for directoryF:\Selenium\screenshots
INFO main com.logistics.qrpproject.screenshots.ScreenshotManager - directory created succussfully
INFO main com.logistics.qrpproject.screenshots.ScreenshotManager - Directory available for writing screenshot
INFO main com.logistics.qrpproject.runner.TestRunner - TestRunner Main- Execution Ends
